[07-Jul-2025 17:35:25 UTC] PHP Fatal error:  Uncaught TypeError: array_map(): Argument #1 ($callback) must be a valid callback or null, function "trimme" not found or invalid function name in /Users/owadud/Local Sites/woocommerce-datalens/app/public/wp-content/plugins/word-filter/index.php:24
Stack trace:
#0 /Users/owadud/Local Sites/woocommerce-datalens/app/public/wp-content/plugins/word-filter/index.php(24): array_map('trimme', Array)
#1 /Users/owadud/Local Sites/woocommerce-datalens/app/public/wp-includes/class-wp-hook.php(324): WordFilter->filterlogic('<h3>I did it.</...')
#2 /Users/owadud/Local Sites/woocommerce-datalens/app/public/wp-includes/plugin.php(205): WP_Hook->apply_filters('<h3>I did it.</...', Array)
#3 /Users/owadud/Local Sites/woocommerce-datalens/app/public/wp-includes/blocks/post-content.php(50): apply_filters('the_content', '<!-- wp:paragra...')
#4 /Users/owadud/Local Sites/woocommerce-datalens/app/public/wp-includes/class-wp-block.php(586): render_block_core_post_content(Array, '<!-- wp:paragra...', Object(WP_Block))
#5 /Users/owadud/Local Sites/woocommerce-datalens/app/public/wp-includes/class-wp-block.php(566): WP_Block->render()
#6 /Users/owadud/Local Sites/woocommerce-datalens/app/public/wp-includes/class-wp-block.php(566): WP_Block->render()
#7 /Users/owadud/Local Sites/woocommerce-datalens/app/public/wp-includes/blocks.php(2358): WP_Block->render()
#8 /Users/owadud/Local Sites/woocommerce-datalens/app/public/wp-includes/blocks.php(2410): render_block(Array)
#9 /Users/owadud/Local Sites/woocommerce-datalens/app/public/wp-includes/block-template.php(291): do_blocks('<!-- wp:templat...')
#10 /Users/owadud/Local Sites/woocommerce-datalens/app/public/wp-includes/template-canvas.php(12): get_the_block_template_html()
#11 /Users/owadud/Local Sites/woocommerce-datalens/app/public/wp-includes/template-loader.php(106): include('/Users/owadud/L...')
#12 /Users/owadud/Local Sites/woocommerce-datalens/app/public/wp-blog-header.php(19): require_once('/Users/owadud/L...')
#13 /Users/owadud/Local Sites/woocommerce-datalens/app/public/index.php(17): require('/Users/owadud/L...')
#14 {main}
  thrown in /Users/owadud/Local Sites/woocommerce-datalens/app/public/wp-content/plugins/word-filter/index.php on line 24
[08-Jul-2025 16:17:48 UTC] PHP Warning:  mysqli_real_connect(): (HY000/2002): No such file or directory in /Users/owadud/Local Sites/woocommerce-datalens/app/public/wp-includes/class-wpdb.php on line 1988
[08-Jul-2025 16:17:48 UTC] PHP Warning:  mysqli_real_connect(): (HY000/2002): No such file or directory in /Users/owadud/Local Sites/woocommerce-datalens/app/public/wp-includes/class-wpdb.php on line 1988
[08-Jul-2025 16:19:00 UTC] PHP Fatal error:  Uncaught Error: Call to undefined function sumit_button() in /Users/owadud/Local Sites/woocommerce-datalens/app/public/wp-content/plugins/word-filter/index.php:78
Stack trace:
#0 /Users/owadud/Local Sites/woocommerce-datalens/app/public/wp-includes/class-wp-hook.php(324): WordFilter->wordOption('')
#1 /Users/owadud/Local Sites/woocommerce-datalens/app/public/wp-includes/class-wp-hook.php(348): WP_Hook->apply_filters('', Array)
#2 /Users/owadud/Local Sites/woocommerce-datalens/app/public/wp-includes/plugin.php(517): WP_Hook->do_action(Array)
#3 /Users/owadud/Local Sites/woocommerce-datalens/app/public/wp-admin/admin.php(260): do_action('word-filter_pag...')
#4 {main}
  thrown in /Users/owadud/Local Sites/woocommerce-datalens/app/public/wp-content/plugins/word-filter/index.php on line 78
[08-Jul-2025 16:26:52 UTC] PHP Parse error:  syntax error, unexpected identifier "register_setting" in /Users/owadud/Local Sites/woocommerce-datalens/app/public/wp-content/plugins/word-filter/index.php on line 27
[08-Jul-2025 16:26:52 UTC] PHP Notice:  Function _load_textdomain_just_in_time was called <strong>incorrectly</strong>. Translation loading for the <code>woocommerce</code> domain was triggered too early. This is usually an indicator for some code in the plugin or theme running too early. Translations should be loaded at the <code>init</code> action or later. Please see <a href="https://developer.wordpress.org/advanced-administration/debug/debug-wordpress/">Debugging in WordPress</a> for more information. (This message was added in version 6.7.0.) in /Users/owadud/Local Sites/woocommerce-datalens/app/public/wp-includes/functions.php on line 6121
[08-Jul-2025 16:28:53 UTC] PHP Parse error:  syntax error, unexpected identifier "register_setting" in /Users/owadud/Local Sites/woocommerce-datalens/app/public/wp-content/plugins/word-filter/index.php on line 27
[08-Jul-2025 16:28:53 UTC] PHP Notice:  Function _load_textdomain_just_in_time was called <strong>incorrectly</strong>. Translation loading for the <code>woocommerce</code> domain was triggered too early. This is usually an indicator for some code in the plugin or theme running too early. Translations should be loaded at the <code>init</code> action or later. Please see <a href="https://developer.wordpress.org/advanced-administration/debug/debug-wordpress/">Debugging in WordPress</a> for more information. (This message was added in version 6.7.0.) in /Users/owadud/Local Sites/woocommerce-datalens/app/public/wp-includes/functions.php on line 6121
[08-Jul-2025 16:29:56 UTC] PHP Parse error:  syntax error, unexpected identifier "register_setting" in /Users/owadud/Local Sites/woocommerce-datalens/app/public/wp-content/plugins/word-filter/index.php on line 27
[08-Jul-2025 16:29:56 UTC] PHP Notice:  Function _load_textdomain_just_in_time was called <strong>incorrectly</strong>. Translation loading for the <code>woocommerce</code> domain was triggered too early. This is usually an indicator for some code in the plugin or theme running too early. Translations should be loaded at the <code>init</code> action or later. Please see <a href="https://developer.wordpress.org/advanced-administration/debug/debug-wordpress/">Debugging in WordPress</a> for more information. (This message was added in version 6.7.0.) in /Users/owadud/Local Sites/woocommerce-datalens/app/public/wp-includes/functions.php on line 6121
[08-Jul-2025 16:29:57 UTC] PHP Parse error:  syntax error, unexpected identifier "register_setting" in /Users/owadud/Local Sites/woocommerce-datalens/app/public/wp-content/plugins/word-filter/index.php on line 27
[08-Jul-2025 16:29:57 UTC] PHP Notice:  Function _load_textdomain_just_in_time was called <strong>incorrectly</strong>. Translation loading for the <code>woocommerce</code> domain was triggered too early. This is usually an indicator for some code in the plugin or theme running too early. Translations should be loaded at the <code>init</code> action or later. Please see <a href="https://developer.wordpress.org/advanced-administration/debug/debug-wordpress/">Debugging in WordPress</a> for more information. (This message was added in version 6.7.0.) in /Users/owadud/Local Sites/woocommerce-datalens/app/public/wp-includes/functions.php on line 6121
[08-Jul-2025 16:29:57 UTC] PHP Parse error:  syntax error, unexpected identifier "register_setting" in /Users/owadud/Local Sites/woocommerce-datalens/app/public/wp-content/plugins/word-filter/index.php on line 27
[08-Jul-2025 16:29:57 UTC] PHP Notice:  Function _load_textdomain_just_in_time was called <strong>incorrectly</strong>. Translation loading for the <code>woocommerce</code> domain was triggered too early. This is usually an indicator for some code in the plugin or theme running too early. Translations should be loaded at the <code>init</code> action or later. Please see <a href="https://developer.wordpress.org/advanced-administration/debug/debug-wordpress/">Debugging in WordPress</a> for more information. (This message was added in version 6.7.0.) in /Users/owadud/Local Sites/woocommerce-datalens/app/public/wp-includes/functions.php on line 6121
[08-Jul-2025 16:30:16 UTC] PHP Parse error:  syntax error, unexpected identifier "register_settings" in /Users/owadud/Local Sites/woocommerce-datalens/app/public/wp-content/plugins/word-filter/index.php on line 27
[08-Jul-2025 16:30:16 UTC] PHP Notice:  Function _load_textdomain_just_in_time was called <strong>incorrectly</strong>. Translation loading for the <code>woocommerce</code> domain was triggered too early. This is usually an indicator for some code in the plugin or theme running too early. Translations should be loaded at the <code>init</code> action or later. Please see <a href="https://developer.wordpress.org/advanced-administration/debug/debug-wordpress/">Debugging in WordPress</a> for more information. (This message was added in version 6.7.0.) in /Users/owadud/Local Sites/woocommerce-datalens/app/public/wp-includes/functions.php on line 6121
[08-Jul-2025 16:30:16 UTC] PHP Parse error:  syntax error, unexpected identifier "register_settings" in /Users/owadud/Local Sites/woocommerce-datalens/app/public/wp-content/plugins/word-filter/index.php on line 27
[08-Jul-2025 16:30:16 UTC] PHP Notice:  Function _load_textdomain_just_in_time was called <strong>incorrectly</strong>. Translation loading for the <code>woocommerce</code> domain was triggered too early. This is usually an indicator for some code in the plugin or theme running too early. Translations should be loaded at the <code>init</code> action or later. Please see <a href="https://developer.wordpress.org/advanced-administration/debug/debug-wordpress/">Debugging in WordPress</a> for more information. (This message was added in version 6.7.0.) in /Users/owadud/Local Sites/woocommerce-datalens/app/public/wp-includes/functions.php on line 6121
[08-Jul-2025 16:30:17 UTC] PHP Parse error:  syntax error, unexpected identifier "register_settings" in /Users/owadud/Local Sites/woocommerce-datalens/app/public/wp-content/plugins/word-filter/index.php on line 27
[08-Jul-2025 16:30:17 UTC] PHP Notice:  Function _load_textdomain_just_in_time was called <strong>incorrectly</strong>. Translation loading for the <code>woocommerce</code> domain was triggered too early. This is usually an indicator for some code in the plugin or theme running too early. Translations should be loaded at the <code>init</code> action or later. Please see <a href="https://developer.wordpress.org/advanced-administration/debug/debug-wordpress/">Debugging in WordPress</a> for more information. (This message was added in version 6.7.0.) in /Users/owadud/Local Sites/woocommerce-datalens/app/public/wp-includes/functions.php on line 6121
[08-Jul-2025 16:30:17 UTC] PHP Parse error:  syntax error, unexpected identifier "register_settings" in /Users/owadud/Local Sites/woocommerce-datalens/app/public/wp-content/plugins/word-filter/index.php on line 27
[08-Jul-2025 16:30:17 UTC] PHP Notice:  Function _load_textdomain_just_in_time was called <strong>incorrectly</strong>. Translation loading for the <code>woocommerce</code> domain was triggered too early. This is usually an indicator for some code in the plugin or theme running too early. Translations should be loaded at the <code>init</code> action or later. Please see <a href="https://developer.wordpress.org/advanced-administration/debug/debug-wordpress/">Debugging in WordPress</a> for more information. (This message was added in version 6.7.0.) in /Users/owadud/Local Sites/woocommerce-datalens/app/public/wp-includes/functions.php on line 6121
[08-Jul-2025 16:30:49 UTC] PHP Parse error:  syntax error, unexpected token "}" in /Users/owadud/Local Sites/woocommerce-datalens/app/public/wp-content/plugins/word-filter/index.php on line 29
[08-Jul-2025 16:30:49 UTC] PHP Notice:  Function _load_textdomain_just_in_time was called <strong>incorrectly</strong>. Translation loading for the <code>woocommerce</code> domain was triggered too early. This is usually an indicator for some code in the plugin or theme running too early. Translations should be loaded at the <code>init</code> action or later. Please see <a href="https://developer.wordpress.org/advanced-administration/debug/debug-wordpress/">Debugging in WordPress</a> for more information. (This message was added in version 6.7.0.) in /Users/owadud/Local Sites/woocommerce-datalens/app/public/wp-includes/functions.php on line 6121
[08-Jul-2025 16:30:49 UTC] PHP Parse error:  syntax error, unexpected token "}" in /Users/owadud/Local Sites/woocommerce-datalens/app/public/wp-content/plugins/word-filter/index.php on line 29
[08-Jul-2025 16:30:49 UTC] PHP Notice:  Function _load_textdomain_just_in_time was called <strong>incorrectly</strong>. Translation loading for the <code>woocommerce</code> domain was triggered too early. This is usually an indicator for some code in the plugin or theme running too early. Translations should be loaded at the <code>init</code> action or later. Please see <a href="https://developer.wordpress.org/advanced-administration/debug/debug-wordpress/">Debugging in WordPress</a> for more information. (This message was added in version 6.7.0.) in /Users/owadud/Local Sites/woocommerce-datalens/app/public/wp-includes/functions.php on line 6121
[08-Jul-2025 16:31:00 UTC] PHP Fatal error:  Uncaught Error: Call to undefined function settings_field() in /Users/owadud/Local Sites/woocommerce-datalens/app/public/wp-content/plugins/word-filter/index.php:92
Stack trace:
#0 /Users/owadud/Local Sites/woocommerce-datalens/app/public/wp-includes/class-wp-hook.php(324): WordFilter->wordOption('')
#1 /Users/owadud/Local Sites/woocommerce-datalens/app/public/wp-includes/class-wp-hook.php(348): WP_Hook->apply_filters('', Array)
#2 /Users/owadud/Local Sites/woocommerce-datalens/app/public/wp-includes/plugin.php(517): WP_Hook->do_action(Array)
#3 /Users/owadud/Local Sites/woocommerce-datalens/app/public/wp-admin/admin.php(260): do_action('word-filter_pag...')
#4 {main}
  thrown in /Users/owadud/Local Sites/woocommerce-datalens/app/public/wp-content/plugins/word-filter/index.php on line 92
[08-Jul-2025 16:32:10 UTC] PHP Fatal error:  Uncaught Error: Call to undefined function do_settings_section() in /Users/owadud/Local Sites/woocommerce-datalens/app/public/wp-content/plugins/word-filter/index.php:93
Stack trace:
#0 /Users/owadud/Local Sites/woocommerce-datalens/app/public/wp-includes/class-wp-hook.php(324): WordFilter->wordOption('')
#1 /Users/owadud/Local Sites/woocommerce-datalens/app/public/wp-includes/class-wp-hook.php(348): WP_Hook->apply_filters('', Array)
#2 /Users/owadud/Local Sites/woocommerce-datalens/app/public/wp-includes/plugin.php(517): WP_Hook->do_action(Array)
#3 /Users/owadud/Local Sites/woocommerce-datalens/app/public/wp-admin/admin.php(260): do_action('word-filter_pag...')
#4 {main}
  thrown in /Users/owadud/Local Sites/woocommerce-datalens/app/public/wp-content/plugins/word-filter/index.php on line 93
